[www.madebydesignesia.com/themes/rentaly/booking.html]
[backblue.gif]
[fade.gif]
[index.html]
[www.madebydesignesia.com/themes/rentaly/images/icon.png]
[www.madebydesignesia.com/themes/rentaly/css/bootstrap.min.css]
[www.madebydesignesia.com/themes/rentaly/css/mdb.min.css]
[www.madebydesignesia.com/themes/rentaly/css/plugins.css]
[www.madebydesignesia.com/themes/rentaly/css/style.css]
[www.madebydesignesia.com/themes/rentaly/css/coloring.css]
[www.madebydesignesia.com/themes/rentaly/index.html]
[www.madebydesignesia.com/themes/rentaly/images/logo-light.png]
[www.madebydesignesia.com/themes/rentaly/images/logo.png]
[www.madebydesignesia.com/themes/rentaly/02_dark-index-1.html]
[www.madebydesignesia.com/themes/rentaly/02_dark-index-2.html]
[www.madebydesignesia.com/themes/rentaly/index-2.html]
[www.madebydesignesia.com/themes/rentaly/index-3.html]
[www.madebydesignesia.com/themes/rentaly/index-4.html]
[www.madebydesignesia.com/themes/rentaly/index-5.html]
[www.madebydesignesia.com/themes/rentaly/index-6.html]
[www.madebydesignesia.com/themes/rentaly/cars.html]
[www.madebydesignesia.com/themes/rentaly/02_dark-cars.html]
[www.madebydesignesia.com/themes/rentaly/cars-list.html]
[www.madebydesignesia.com/themes/rentaly/02_dark-cars-list.html]
[www.madebydesignesia.com/themes/rentaly/car-single.html]
[www.madebydesignesia.com/themes/rentaly/02_dark-car-single.html]
[www.madebydesignesia.com/themes/rentaly/account-dashboard.html]
[www.madebydesignesia.com/themes/rentaly/account-profile.html]
[www.madebydesignesia.com/themes/rentaly/account-booking.html]
[www.madebydesignesia.com/themes/rentaly/account-favorite.html]
[www.madebydesignesia.com/themes/rentaly/about.html]
[www.madebydesignesia.com/themes/rentaly/contact.html]
[www.madebydesignesia.com/themes/rentaly/login.html]
[www.madebydesignesia.com/themes/rentaly/register.html]
[www.madebydesignesia.com/themes/rentaly/404.html]
[www.madebydesignesia.com/themes/rentaly/news-standart-right-sidebar.html]
[www.madebydesignesia.com/themes/rentaly/news-standart-left-sidebar.html]
[www.madebydesignesia.com/themes/rentaly/news-standart-no-sidebar.html]
[www.madebydesignesia.com/themes/rentaly/news-grid-right-sidebar.html]
[www.madebydesignesia.com/themes/rentaly/news-grid-left-sidebar.html]
[www.madebydesignesia.com/themes/rentaly/news-grid-no-sidebar.html]
[www.madebydesignesia.com/themes/rentaly/preloader.html]
[www.madebydesignesia.com/themes/rentaly/icon-boxes.html]
[www.madebydesignesia.com/themes/rentaly/badge.html]
[www.madebydesignesia.com/themes/rentaly/counters.html]
[www.madebydesignesia.com/themes/rentaly/gallery-popup.html]
[www.madebydesignesia.com/themes/rentaly/icons-elegant.html]
[www.madebydesignesia.com/themes/rentaly/icons-etline.html]
[www.madebydesignesia.com/themes/rentaly/icons-font-awesome.html]
[www.madebydesignesia.com/themes/rentaly/map.html]
[www.madebydesignesia.com/themes/rentaly/modal.html]
[www.madebydesignesia.com/themes/rentaly/popover.html]
[www.madebydesignesia.com/themes/rentaly/tabs.html]
[www.madebydesignesia.com/themes/rentaly/tooltips.html]
[www.madebydesignesia.com/themes/rentaly/images/background/subheader.jpg]
[www.madebydesignesia.com/themes/rentaly/images/select-form/car.png]
[www.madebydesignesia.com/themes/rentaly/images/select-form/van.png]
[www.madebydesignesia.com/themes/rentaly/images/select-form/minibus.png]
[www.madebydesignesia.com/themes/rentaly/images/select-form/sportscar.png]
[www.madebydesignesia.com/themes/rentaly/images/background/3.jpg]
[www.madebydesignesia.com/themes/rentaly/js/plugins.js]
[www.madebydesignesia.com/themes/rentaly/js/designesia.js]
[www.madebydesignesia.com/themes/rentaly/booking.html]
[www.madebydesignesia.com/themes/rentaly/css/bootstrap.min.css]
[mdbootstrap.com/img/svg/flags.png]
[www.madebydesignesia.com/themes/rentaly/css/mdb.min.css]
[www.madebydesignesia.com/themes/rentaly/css/plugins.css]
[www.madebydesignesia.com/themes/rentaly/fonts/font-awesome/css/font-awesome.css]
[www.madebydesignesia.com/themes/rentaly/fonts/elegant_font/HTML_CSS/style.css]
[www.madebydesignesia.com/themes/rentaly/fonts/et-line-font/style.css]
[www.madebydesignesia.com/themes/rentaly/fonts/icofont/icofont.min.css]
[mdbootstrap.com/img/Photos/Others/images/76.jpg]
[mdbootstrap.com/img/Photos/Others/images/77.jpg]
[mdbootstrap.com/img/Photos/Others/images/78.jpg]
[www.madebydesignesia.com/themes/rentaly/images/ui/arrow-down.png]
[www.madebydesignesia.com/themes/rentaly/images/ui/arrow-down-light.png]
[www.madebydesignesia.com/themes/rentaly/images/ui/arrow-up.png]
[www.madebydesignesia.com/themes/rentaly/images/ui/arrow-up-light.png]
[www.madebydesignesia.com/themes/rentaly/css/style.css]
[www.madebydesignesia.com/themes/rentaly/css/coloring.css]
[www.madebydesignesia.com/themes/rentaly/css/colors/scheme-01.css]
[www.madebydesignesia.com/themes/rentaly/images/background/1.jpg]
[www.madebydesignesia.com/themes/rentaly/images/misc/car.png]
[www.madebydesignesia.com/themes/rentaly/images/background/2.jpg]
[www.madebydesignesia.com/themes/rentaly/images/cars/jeep-renegade.jpg]
[www.madebydesignesia.com/themes/rentaly/images/icons/1-green.svg]
[www.madebydesignesia.com/themes/rentaly/images/icons/2-green.svg]
[www.madebydesignesia.com/themes/rentaly/images/icons/3-green.svg]
[www.madebydesignesia.com/themes/rentaly/images/icons/4-green.svg]
[www.madebydesignesia.com/themes/rentaly/images/cars/bmw-m5.jpg]
[www.madebydesignesia.com/themes/rentaly/images/cars/ferrari-enzo.jpg]
[www.madebydesignesia.com/themes/rentaly/images/cars/ford-raptor.jpg]
[www.madebydesignesia.com/themes/rentaly/images/cars/mini-cooper.jpg]
[www.madebydesignesia.com/themes/rentaly/images/cars/vw-polo.jpg]
[www.madebydesignesia.com/themes/rentaly/images/news/pic-blog-1.jpg]
[www.madebydesignesia.com/themes/rentaly/news-single.html]
[www.madebydesignesia.com/themes/rentaly/images/news/pic-blog-2.jpg]
[www.madebydesignesia.com/themes/rentaly/images/news/pic-blog-3.jpg]
[www.madebydesignesia.com/themes/rentaly/images/testimonial/1.jpg]
[www.madebydesignesia.com/themes/rentaly/images/testimonial/2.jpg]
[www.madebydesignesia.com/themes/rentaly/images/testimonial/3.jpg]
[www.madebydesignesia.com/themes/rentaly/index.html]
[www.madebydesignesia.com/themes/rentaly/images/background/15.jpg]
[www.madebydesignesia.com/themes/rentaly/images/cars-alt/jeep-renegade.png]
[www.madebydesignesia.com/themes/rentaly/images/cars-alt/bmw-m5.png]
[www.madebydesignesia.com/themes/rentaly/images/cars-alt/ferrari-enzo.png]
[www.madebydesignesia.com/themes/rentaly/images/cars-alt/ford-raptor.png]
[www.madebydesignesia.com/themes/rentaly/images/cars-alt/mini-cooper.png]
[www.madebydesignesia.com/themes/rentaly/images/cars-alt/vw-polo.png]
[www.madebydesignesia.com/themes/rentaly/images/background/9.jpg]
[www.madebydesignesia.com/themes/rentaly/images/misc/car-2.png]
[www.madebydesignesia.com/themes/rentaly/02_dark-index-1.html]
[www.madebydesignesia.com/themes/rentaly/images/slider/1.jpg]
[www.madebydesignesia.com/themes/rentaly/images/slider/2.jpg]
[www.madebydesignesia.com/themes/rentaly/images/slider/3.jpg]
[www.madebydesignesia.com/themes/rentaly/02_dark-index-2.html]
[www.madebydesignesia.com/themes/rentaly/index-2.html]
[www.madebydesignesia.com/themes/rentaly/index-3.html]
[www.madebydesignesia.com/themes/rentaly/index-4.html]
[www.madebydesignesia.com/themes/rentaly/images/background/6.jpg]
[www.madebydesignesia.com/themes/rentaly/index-5.html]
[www.madebydesignesia.com/themes/rentaly/images/background/4.jpg]
[www.madebydesignesia.com/themes/rentaly/images/misc/e2.jpg]
[www.madebydesignesia.com/themes/rentaly/images/misc/e1.jpg]
[www.madebydesignesia.com/themes/rentaly/index-6.html]
[www.madebydesignesia.com/themes/rentaly/images/cars/chevrolet-camaro.jpg]
[www.madebydesignesia.com/themes/rentaly/images/cars/hyundai-staria.jpg]
[www.madebydesignesia.com/themes/rentaly/images/cars/toyota-rav.jpg]
[www.madebydesignesia.com/themes/rentaly/images/cars/bentley.jpg]
[www.madebydesignesia.com/themes/rentaly/images/cars/lexus.jpg]
[www.madebydesignesia.com/themes/rentaly/images/cars/range-rover.jpg]
[www.madebydesignesia.com/themes/rentaly/cars.html]
[www.madebydesignesia.com/themes/rentaly/images/cars-alt/chevrolet-camaro.png]
[www.madebydesignesia.com/themes/rentaly/images/cars-alt/hyundai-staria.png]
[www.madebydesignesia.com/themes/rentaly/images/cars-alt/toyota-rav.png]
[www.madebydesignesia.com/themes/rentaly/images/cars-alt/bentley.png]
[www.madebydesignesia.com/themes/rentaly/images/cars-alt/lexus.png]
[www.madebydesignesia.com/themes/rentaly/images/cars-alt/range-rover.png]
[www.madebydesignesia.com/themes/rentaly/02_dark-cars.html]
[www.madebydesignesia.com/themes/rentaly/cars-list.html]
[www.madebydesignesia.com/themes/rentaly/02_dark-cars-list.html]
[www.madebydesignesia.com/themes/rentaly/images/car-single/1.jpg]
[www.madebydesignesia.com/themes/rentaly/images/car-single/2.jpg]
[www.madebydesignesia.com/themes/rentaly/images/car-single/3.jpg]
[www.madebydesignesia.com/themes/rentaly/images/car-single/4.jpg]
[www.madebydesignesia.com/themes/rentaly/car-single.html]
[www.madebydesignesia.com/themes/rentaly/02_dark-car-single.html]
[www.madebydesignesia.com/themes/rentaly/images/profile/1.jpg]
[www.madebydesignesia.com/themes/rentaly/images/background/14.jpg]
[www.madebydesignesia.com/themes/rentaly/account-dashboard.html]
[www.madebydesignesia.com/themes/rentaly/account-profile.html]
[www.madebydesignesia.com/themes/rentaly/account-booking.html]
[www.madebydesignesia.com/themes/rentaly/account-favorite.html]
[www.madebydesignesia.com/themes/rentaly/images/background/8.jpg]
[www.madebydesignesia.com/themes/rentaly/images/team/1.jpg]
[www.madebydesignesia.com/themes/rentaly/images/team/2.jpg]
[www.madebydesignesia.com/themes/rentaly/images/team/3.jpg]
[www.madebydesignesia.com/themes/rentaly/images/team/4.jpg]
[www.madebydesignesia.com/themes/rentaly/about.html]
[www.google.com/recaptcha/api.js]
[www.madebydesignesia.com/themes/rentaly/form.js]
[www.madebydesignesia.com/themes/rentaly/contact.html]
[www.madebydesignesia.com/themes/rentaly/images/svg/google_icon.svg]
[www.madebydesignesia.com/themes/rentaly/images/svg/facebook_icon.svg]
[www.madebydesignesia.com/themes/rentaly/login.html]
[www.madebydesignesia.com/themes/rentaly/register.html]
[www.madebydesignesia.com/themes/rentaly/css/jquery.countdown.css]
[www.madebydesignesia.com/themes/rentaly/images/background/11.jpg]
[www.madebydesignesia.com/themes/rentaly/404.html]
[www.madebydesignesia.com/themes/rentaly/images/news-2/pic-blog-1.jpg]
[www.madebydesignesia.com/themes/rentaly/images/news-2/pic-blog-2.jpg]
[www.madebydesignesia.com/themes/rentaly/images/news-2/pic-blog-3.jpg]
[www.madebydesignesia.com/themes/rentaly/images/news-2/pic-blog-4.jpg]
[www.madebydesignesia.com/themes/rentaly/images/news-2/pic-blog-5.jpg]
[www.madebydesignesia.com/themes/rentaly/images/news-2/pic-blog-6.jpg]
[www.madebydesignesia.com/themes/rentaly/images/news-thumbnail/pic-blog-1.jpg]
[www.madebydesignesia.com/themes/rentaly/images/news-thumbnail/pic-blog-2.jpg]
[www.madebydesignesia.com/themes/rentaly/images/news-thumbnail/pic-blog-3.jpg]
[www.madebydesignesia.com/themes/rentaly/images/news-thumbnail/pic-blog-4.jpg]
[www.madebydesignesia.com/themes/rentaly/images/people/1.jpg]
[www.madebydesignesia.com/themes/rentaly/images/people/2.jpg]
[www.madebydesignesia.com/themes/rentaly/images/people/3.jpg]
[www.madebydesignesia.com/themes/rentaly/images/people/4.jpg]
[www.madebydesignesia.com/themes/rentaly/news-standart-right-sidebar.html]
[www.madebydesignesia.com/themes/rentaly/news-standart-left-sidebar.html]
[www.madebydesignesia.com/themes/rentaly/news-standart-no-sidebar.html]
[www.madebydesignesia.com/themes/rentaly/images/news/pic-blog-4.jpg]
[www.madebydesignesia.com/themes/rentaly/images/news/pic-blog-5.jpg]
[www.madebydesignesia.com/themes/rentaly/images/news/pic-blog-6.jpg]
[www.madebydesignesia.com/themes/rentaly/news-grid-right-sidebar.html]
[www.madebydesignesia.com/themes/rentaly/news-grid-left-sidebar.html]
[www.madebydesignesia.com/themes/rentaly/news-grid-no-sidebar.html]
[www.madebydesignesia.com/themes/rentaly/images/preloader/arrows.svg]
[www.madebydesignesia.com/themes/rentaly/images/preloader/balls.svg]
[www.madebydesignesia.com/themes/rentaly/images/preloader/gear.svg]
[www.madebydesignesia.com/themes/rentaly/images/preloader/hatchway.svg]
[www.madebydesignesia.com/themes/rentaly/images/preloader/pacman.svg]
[www.madebydesignesia.com/themes/rentaly/images/preloader/petals.svg]
[www.madebydesignesia.com/themes/rentaly/images/preloader/segments.svg]
[www.madebydesignesia.com/themes/rentaly/images/preloader/stars.svg]
[www.madebydesignesia.com/themes/rentaly/images/preloader/stopwatch.svg]
[www.madebydesignesia.com/themes/rentaly/images/preloader/timer.svg]
[www.madebydesignesia.com/themes/rentaly/images/preloader/triplex.svg]
[www.madebydesignesia.com/themes/rentaly/images/preloader/twirl.svg]
[www.madebydesignesia.com/themes/rentaly/preloader.html]
[www.madebydesignesia.com/themes/rentaly/icon-boxes.html]
[www.madebydesignesia.com/themes/rentaly/badge.html]
[www.madebydesignesia.com/themes/rentaly/counters.html]
[www.madebydesignesia.com/themes/rentaly/images/gallery/1.jpg]
[www.madebydesignesia.com/themes/rentaly/images/gallery/2.jpg]
[www.madebydesignesia.com/themes/rentaly/images/gallery/3.jpg]
[www.madebydesignesia.com/themes/rentaly/images/gallery/4.jpg]
[www.madebydesignesia.com/themes/rentaly/images/gallery/5.jpg]
[www.madebydesignesia.com/themes/rentaly/images/gallery/6.jpg]
[www.madebydesignesia.com/themes/rentaly/gallery-popup.html]
[www.madebydesignesia.com/themes/rentaly/icons-elegant.html]
[www.madebydesignesia.com/themes/rentaly/icons-etline.html]
[www.madebydesignesia.com/themes/rentaly/icons-font-awesome.html]
[www.madebydesignesia.com/themes/rentaly/images/misc/map.png]
[www.madebydesignesia.com/themes/rentaly/map.html]
[www.madebydesignesia.com/themes/rentaly/modal.html]
[www.madebydesignesia.com/themes/rentaly/popover.html]
[www.madebydesignesia.com/themes/rentaly/tabs.html]
[www.madebydesignesia.com/themes/rentaly/tooltips.html]
[www.madebydesignesia.com/themes/rentaly/css/owl.video.play.html]
[www.madebydesignesia.com/themes/rentaly/fonts/font-awesome/fonts/fontawesome-webfont3e6e.eot]
[www.madebydesignesia.com/themes/rentaly/fonts/font-awesome/fonts/fontawesome-webfontd41d.eot]
[www.madebydesignesia.com/themes/rentaly/fonts/font-awesome/fonts/fontawesome-webfont3e6e.woff2]
[www.madebydesignesia.com/themes/rentaly/fonts/font-awesome/fonts/fontawesome-webfont3e6e.woff]
[www.madebydesignesia.com/themes/rentaly/fonts/font-awesome/fonts/fontawesome-webfont3e6e.ttf]
[www.madebydesignesia.com/themes/rentaly/fonts/font-awesome/css/font-awesome.css]
[www.madebydesignesia.com/themes/rentaly/fonts/font-awesome/fonts/fontawesome-webfont3e6e.svg]
[www.madebydesignesia.com/themes/rentaly/fonts/elegant_font/HTML_CSS/fonts/ElegantIcons.eot]
[www.madebydesignesia.com/themes/rentaly/fonts/elegant_font/HTML_CSS/fonts/ElegantIconsd41d.eot]
[www.madebydesignesia.com/themes/rentaly/fonts/elegant_font/HTML_CSS/fonts/ElegantIcons.woff]
[www.madebydesignesia.com/themes/rentaly/fonts/elegant_font/HTML_CSS/fonts/ElegantIcons.ttf]
[www.madebydesignesia.com/themes/rentaly/fonts/elegant_font/HTML_CSS/style.css]
[www.madebydesignesia.com/themes/rentaly/fonts/elegant_font/HTML_CSS/fonts/ElegantIcons.svg]
[www.madebydesignesia.com/themes/rentaly/fonts/et-line-font/fonts/et-line.eot]
[www.madebydesignesia.com/themes/rentaly/fonts/et-line-font/fonts/et-lined41d.eot]
[www.madebydesignesia.com/themes/rentaly/fonts/et-line-font/fonts/et-line.woff]
[www.madebydesignesia.com/themes/rentaly/fonts/et-line-font/fonts/et-line.ttf]
[www.madebydesignesia.com/themes/rentaly/fonts/et-line-font/style.css]
[www.madebydesignesia.com/themes/rentaly/fonts/et-line-font/fonts/et-line.svg]
[www.madebydesignesia.com/themes/rentaly/fonts/icofont/fonts/icofont.woff2]
[www.madebydesignesia.com/themes/rentaly/fonts/icofont/icofont.min.css]
[www.madebydesignesia.com/themes/rentaly/fonts/icofont/fonts/icofont.woff]
[www.madebydesignesia.com/themes/rentaly/images/ui/arrow-down-form.html]
[www.madebydesignesia.com/themes/rentaly/images/ui/arrow-down-form-hover.html]
[www.madebydesignesia.com/themes/rentaly/images_02/dotted.html]
[www.madebydesignesia.com/themes/rentaly/images_02/icon-slide-plus.html]
[www.madebydesignesia.com/themes/rentaly/images_02/icon-slide-min.html]
[www.madebydesignesia.com/themes/rentaly/images_02/close.html]
[www.madebydesignesia.com/themes/rentaly/images_02/close-2.html]
[www.madebydesignesia.com/themes/rentaly/images_02/icon-url.html]
[www.madebydesignesia.com/themes/rentaly/images_02/icon-zoom.html]
[www.madebydesignesia.com/themes/rentaly/images_02/list-arrow.html]
[www.madebydesignesia.com/themes/rentaly/images/background/bg-header.html]
[www.madebydesignesia.com/themes/rentaly/images/icons/1-green.svg]
[www.madebydesignesia.com/themes/rentaly/images/icons/2-green.svg]
[www.madebydesignesia.com/themes/rentaly/images/icons/3-green.svg]
[www.madebydesignesia.com/themes/rentaly/images/icons/4-green.svg]
[www.madebydesignesia.com/themes/rentaly/images/news/big.jpg]
[www.madebydesignesia.com/themes/rentaly/images/misc/avatar-2.jpg]
[www.madebydesignesia.com/themes/rentaly/news-single.html]
[www.madebydesignesia.com/themes/rentaly/images/svg/google_icon.svg]
[www.madebydesignesia.com/themes/rentaly/images/svg/facebook_icon.svg]
[www.madebydesignesia.com/themes/rentaly/css/jquery.countdown.css]
[www.madebydesignesia.com/themes/rentaly/images/preloader/arrows.svg]
[www.madebydesignesia.com/themes/rentaly/images/preloader/balls.svg]
[www.madebydesignesia.com/themes/rentaly/images/preloader/gear.svg]
[www.madebydesignesia.com/themes/rentaly/images/preloader/hatchway.svg]
[www.madebydesignesia.com/themes/rentaly/images/preloader/pacman.svg]
[www.madebydesignesia.com/themes/rentaly/images/preloader/petals.svg]
[www.madebydesignesia.com/themes/rentaly/images/preloader/segments.svg]
[www.madebydesignesia.com/themes/rentaly/images/preloader/stars.svg]
[www.madebydesignesia.com/themes/rentaly/images/preloader/stopwatch.svg]
[www.madebydesignesia.com/themes/rentaly/images/preloader/timer.svg]
[www.madebydesignesia.com/themes/rentaly/images/preloader/triplex.svg]
[www.madebydesignesia.com/themes/rentaly/images/preloader/twirl.svg]
[www.madebydesignesia.com/themes/rentaly/fonts/font-awesome/fonts/fontawesome-webfont3e6e.svg]
[www.madebydesignesia.com/themes/rentaly/fonts/elegant_font/HTML_CSS/fonts/ElegantIcons.svg]
[www.madebydesignesia.com/themes/rentaly/fonts/et-line-font/fonts/et-line.svg]
[www.madebydesignesia.com/themes/rentaly/images/icons/briefcase.html]
